
[DEBUG] 2021-06-09 12:32:53.639 [main] Main - Application started
[INFO ] 2021-06-09 12:32:53.648 [main] Main - config file has been read and mode was set to 2
[INFO ] 2021-06-09 12:32:53.650 [main] Main - got the number of Threads: 3
[DEBUG] 2021-06-09 12:32:53.652 [main] Main - Creating Thread 1
[DEBUG] 2021-06-09 12:32:53.654 [main] Main - Creating Thread 2
[DEBUG] 2021-06-09 12:32:53.653 [Thread 1] Main - Running Thread 1
[DEBUG] 2021-06-09 12:32:53.656 [main] Main - Creating Thread 3
[DEBUG] 2021-06-09 12:32:53.656 [Thread 2] Main - Running Thread 2
[DEBUG] 2021-06-09 12:32:53.657 [Thread 3] Main - Running Thread 3
[WARN ] 2021-06-09 12:32:53.921 [Thread 3] Main - trying to create a new file...
[WARN ] 2021-06-09 12:32:53.921 [Thread 2] Main - trying to create a new file...
[WARN ] 2021-06-09 12:32:53.922 [Thread 3] Main - trying to delete existing files...
[WARN ] 2021-06-09 12:32:53.924 [Thread 2] Main - trying to delete existing files...
[WARN ] 2021-06-09 12:32:53.926 [Thread 1] Main - trying to create a new file...
[INFO ] 2021-06-09 12:32:53.932 [Thread 3] Main - Thread 3: File Thread 3-test.txt was deleted. 
[INFO ] 2021-06-09 12:32:53.934 [Thread 3] Main - Thread 3: File created: Thread 3-test.txt
[WARN ] 2021-06-09 12:32:53.935 [Thread 1] Main - trying to delete existing files...
[INFO ] 2021-06-09 12:32:53.936 [Thread 2] Main - Thread 2: File Thread 2-test.txt was deleted. 
[WARN ] 2021-06-09 12:32:53.936 [Thread 3] Main - trying to write the files...
[INFO ] 2021-06-09 12:32:53.947 [Thread 2] Main - Thread 2: File created: Thread 2-test.txt
[INFO ] 2021-06-09 12:32:53.949 [Thread 1] Main - Thread 1: File Thread 1-test.txt was deleted. 
[INFO ] 2021-06-09 12:32:53.952 [Thread 1] Main - Thread 1: File created: Thread 1-test.txt
[WARN ] 2021-06-09 12:32:53.953 [Thread 1] Main - trying to write the files...
[WARN ] 2021-06-09 12:32:53.954 [Thread 2] Main - trying to write the files...
[INFO ] 2021-06-09 12:32:54.880 [Thread 3] Main - Successfully wrote to the file Thread 3-test.txt
[INFO ] 2021-06-09 12:32:54.910 [Thread 1] Main - Successfully wrote to the file Thread 1-test.txt
[INFO ] 2021-06-09 12:32:54.957 [Thread 2] Main - Successfully wrote to the file Thread 2-test.txt
[DEBUG] 2021-06-09 12:34:57.771 [main] Main - Application started
[INFO ] 2021-06-09 12:34:57.780 [main] Main - config file has been read and mode was set to 2
[INFO ] 2021-06-09 12:34:57.782 [main] Main - got the number of Threads: 3
[DEBUG] 2021-06-09 12:34:57.785 [main] Main - Creating Thread 1
[DEBUG] 2021-06-09 12:34:57.785 [Thread 1] Main - Running Thread 1
[DEBUG] 2021-06-09 12:34:57.786 [main] Main - Creating Thread 2
[DEBUG] 2021-06-09 12:34:57.789 [main] Main - Creating Thread 3
[DEBUG] 2021-06-09 12:34:57.788 [Thread 2] Main - Running Thread 2
[DEBUG] 2021-06-09 12:34:57.790 [Thread 3] Main - Running Thread 3
[WARN ] 2021-06-09 12:34:58.037 [Thread 1] Main - trying to create a new file...
[WARN ] 2021-06-09 12:34:58.036 [Thread 2] Main - trying to create a new file...
[WARN ] 2021-06-09 12:34:58.040 [Thread 1] Main - trying to delete existing files...
[WARN ] 2021-06-09 12:34:58.042 [Thread 2] Main - trying to delete existing files...
[INFO ] 2021-06-09 12:34:58.045 [Thread 1] Main - Thread 1: File Thread 1-test.txt was deleted. 
[INFO ] 2021-06-09 12:34:58.047 [Thread 2] Main - Thread 2: File Thread 2-test.txt was deleted. 
[INFO ] 2021-06-09 12:34:58.050 [Thread 1] Main - Thread 1: File created: Thread 1-test.txt
[WARN ] 2021-06-09 12:34:58.052 [Thread 1] Main - trying to write the files...
[INFO ] 2021-06-09 12:34:58.052 [Thread 2] Main - Thread 2: File created: Thread 2-test.txt
[WARN ] 2021-06-09 12:34:58.053 [Thread 2] Main - trying to write the files...
[WARN ] 2021-06-09 12:34:58.049 [Thread 3] Main - trying to create a new file...
[WARN ] 2021-06-09 12:34:58.078 [Thread 3] Main - trying to delete existing files...
[INFO ] 2021-06-09 12:34:58.088 [Thread 3] Main - Thread 3: File Thread 3-test.txt was deleted. 
[INFO ] 2021-06-09 12:34:58.089 [Thread 3] Main - Thread 3: File created: Thread 3-test.txt
[WARN ] 2021-06-09 12:34:58.090 [Thread 3] Main - trying to write the files...
[INFO ] 2021-06-09 12:34:59.293 [Thread 1] Main - Successfully wrote to the file Thread 1-test.txt
[INFO ] 2021-06-09 12:34:59.294 [Thread 3] Main - Successfully wrote to the file Thread 3-test.txt
[INFO ] 2021-06-09 12:34:59.389 [Thread 2] Main - Successfully wrote to the file Thread 2-test.txt
[DEBUG] 2021-06-09 12:37:31.135 [main] Main - Application started
[INFO ] 2021-06-09 12:37:31.148 [main] Main - config file has been read and mode was set to 2
[INFO ] 2021-06-09 12:37:31.150 [main] Main - got the number of Threads: 3
[DEBUG] 2021-06-09 12:37:31.154 [main] Main - Creating Thread 1
[DEBUG] 2021-06-09 12:37:31.155 [main] Main - Creating Thread 2
[DEBUG] 2021-06-09 12:37:31.157 [main] Main - Creating Thread 3
[DEBUG] 2021-06-09 12:37:31.160 [Thread 2] Main - Running Thread 2
[DEBUG] 2021-06-09 12:37:31.162 [Thread 3] Main - Running Thread 3
[DEBUG] 2021-06-09 12:37:31.161 [Thread 1] Main - Running Thread 1
[WARN ] 2021-06-09 12:37:31.418 [Thread 1] Main - trying to create a new file...
[WARN ] 2021-06-09 12:37:31.424 [Thread 3] Main - trying to create a new file...
[WARN ] 2021-06-09 12:37:31.428 [Thread 1] Main - trying to delete existing files...
[WARN ] 2021-06-09 12:37:31.429 [Thread 3] Main - trying to delete existing files...
[INFO ] 2021-06-09 12:37:31.438 [Thread 1] Main - Thread 1: File Thread 1-test.txt was deleted. 
[INFO ] 2021-06-09 12:37:31.440 [Thread 1] Main - Thread 1: File created: Thread 1-test.txt
[WARN ] 2021-06-09 12:37:31.441 [Thread 1] Main - trying to write the files...
[WARN ] 2021-06-09 12:37:31.436 [Thread 2] Main - trying to create a new file...
[WARN ] 2021-06-09 12:37:31.454 [Thread 2] Main - trying to delete existing files...
[INFO ] 2021-06-09 12:37:31.466 [Thread 3] Main - Thread 3: File Thread 3-test.txt was deleted. 
[INFO ] 2021-06-09 12:37:31.473 [Thread 2] Main - Thread 2: File Thread 2-test.txt was deleted. 
[INFO ] 2021-06-09 12:37:31.473 [Thread 3] Main - Thread 3: File created: Thread 3-test.txt
[WARN ] 2021-06-09 12:37:31.476 [Thread 3] Main - trying to write the files...
[INFO ] 2021-06-09 12:37:31.477 [Thread 2] Main - Thread 2: File created: Thread 2-test.txt
[WARN ] 2021-06-09 12:37:31.486 [Thread 2] Main - trying to write the files...
[INFO ] 2021-06-09 12:37:33.233 [Thread 2] Main - Successfully wrote to the file Thread 2-test.txt
[INFO ] 2021-06-09 12:37:33.246 [Thread 3] Main - Successfully wrote to the file Thread 3-test.txt
[INFO ] 2021-06-09 12:37:33.257 [Thread 1] Main - Successfully wrote to the file Thread 1-test.txt
